running egg_info
writing ../../build/Rover_Controller/Rover_Controller.egg-info/PKG-INFO
writing dependency_links to ../../build/Rover_Controller/Rover_Controller.egg-info/dependency_links.txt
writing entry points to ../../build/Rover_Controller/Rover_Controller.egg-info/entry_points.txt
writing requirements to ../../build/Rover_Controller/Rover_Controller.egg-info/requires.txt
writing top-level names to ../../build/Rover_Controller/Rover_Controller.egg-info/top_level.txt
reading manifest file '../../build/Rover_Controller/Rover_Controller.egg-info/SOURCES.txt'
writing manifest file '../../build/Rover_Controller/Rover_Controller.egg-info/SOURCES.txt'
running build
running build_py
copying Rover_Controller/mavlinklistenernode.py -> /home/rayv/RoverHG/ROS2_v_0_0/build/Rover_Controller/build/lib/Rover_Controller
running install
running install_lib
copying /home/rayv/RoverHG/ROS2_v_0_0/build/Rover_Controller/build/lib/Rover_Controller/mavlinklistenernode.py -> /home/rayv/RoverHG/ROS2_v_0_0/install/Rover_Controller/lib/python3.10/site-packages/Rover_Controller
byte-compiling /home/rayv/RoverHG/ROS2_v_0_0/install/Rover_Controller/lib/python3.10/site-packages/Rover_Controller/mavlinklistenernode.py to mavlinklistenernode.cpython-310.pyc
running install_data
running install_egg_info
removing '/home/rayv/RoverHG/ROS2_v_0_0/install/Rover_Controller/lib/python3.10/site-packages/Rover_Controller-0.0.0-py3.10.egg-info' (and everything under it)
Copying ../../build/Rover_Controller/Rover_Controller.egg-info to /home/rayv/RoverHG/ROS2_v_0_0/install/Rover_Controller/lib/python3.10/site-packages/Rover_Controller-0.0.0-py3.10.egg-info
running install_scripts
Installing testnode script to /home/rayv/RoverHG/ROS2_v_0_0/install/Rover_Controller/lib/Rover_Controller
writing list of installed files to '/home/rayv/RoverHG/ROS2_v_0_0/build/Rover_Controller/install.log'
