running egg_info
creating ../../build/Rover_Controller/Rover_Controller.egg-info
writing ../../build/Rover_Controller/Rover_Controller.egg-info/PKG-INFO
writing dependency_links to ../../build/Rover_Controller/Rover_Controller.egg-info/dependency_links.txt
writing entry points to ../../build/Rover_Controller/Rover_Controller.egg-info/entry_points.txt
writing requirements to ../../build/Rover_Controller/Rover_Controller.egg-info/requires.txt
writing top-level names to ../../build/Rover_Controller/Rover_Controller.egg-info/top_level.txt
writing manifest file '../../build/Rover_Controller/Rover_Controller.egg-info/SOURCES.txt'
reading manifest file '../../build/Rover_Controller/Rover_Controller.egg-info/SOURCES.txt'
writing manifest file '../../build/Rover_Controller/Rover_Controller.egg-info/SOURCES.txt'
running build
running build_py
creating /home/rayv/RoverHG/ROS2_v_0_0/build/Rover_Controller/build
creating /home/rayv/RoverHG/ROS2_v_0_0/build/Rover_Controller/build/lib
creating /home/rayv/RoverHG/ROS2_v_0_0/build/Rover_Controller/build/lib/Rover_Controller
copying Rover_Controller/__init__.py -> /home/rayv/RoverHG/ROS2_v_0_0/build/Rover_Controller/build/lib/Rover_Controller
running install
running install_lib
creating /home/rayv/RoverHG/ROS2_v_0_0/install/Rover_Controller/lib/python3.10/site-packages/Rover_Controller
copying /home/rayv/RoverHG/ROS2_v_0_0/build/Rover_Controller/build/lib/Rover_Controller/__init__.py -> /home/rayv/RoverHG/ROS2_v_0_0/install/Rover_Controller/lib/python3.10/site-packages/Rover_Controller
byte-compiling /home/rayv/RoverHG/ROS2_v_0_0/install/Rover_Controller/lib/python3.10/site-packages/Rover_Controller/__init__.py to __init__.cpython-310.pyc
running install_data
creating /home/rayv/RoverHG/ROS2_v_0_0/install/Rover_Controller/share/ament_index
creating /home/rayv/RoverHG/ROS2_v_0_0/install/Rover_Controller/share/ament_index/resource_index
creating /home/rayv/RoverHG/ROS2_v_0_0/install/Rover_Controller/share/ament_index/resource_index/packages
copying resource/Rover_Controller -> /home/rayv/RoverHG/ROS2_v_0_0/install/Rover_Controller/share/ament_index/resource_index/packages
copying package.xml -> /home/rayv/RoverHG/ROS2_v_0_0/install/Rover_Controller/share/Rover_Controller
running install_egg_info
Copying ../../build/Rover_Controller/Rover_Controller.egg-info to /home/rayv/RoverHG/ROS2_v_0_0/install/Rover_Controller/lib/python3.10/site-packages/Rover_Controller-0.0.0-py3.10.egg-info
running install_scripts
writing list of installed files to '/home/rayv/RoverHG/ROS2_v_0_0/build/Rover_Controller/install.log'
