[0.597s] Invoking command in '/home/rayv/RoverHG/ROS2_v_0_0/src/Rover_Controller': PYTHONPATH=/home/rayv/RoverHG/ROS2_v_0_0/build/Rover_Controller/prefix_override:/home/rayv/RoverHG/ROS2_v_0_0/install/Rover_Controller/lib/python3.10/site-packages:${PYTHONPATH} /usr/bin/python3 setup.py egg_info --egg-base ../../build/Rover_Controller build --build-base /home/rayv/RoverHG/ROS2_v_0_0/build/Rover_Controller/build install --record /home/rayv/RoverHG/ROS2_v_0_0/build/Rover_Controller/install.log --single-version-externally-managed
[0.784s] running egg_info
[0.784s] creating ../../build/Rover_Controller/Rover_Controller.egg-info
[0.784s] writing ../../build/Rover_Controller/Rover_Controller.egg-info/PKG-INFO
[0.785s] writing dependency_links to ../../build/Rover_Controller/Rover_Controller.egg-info/dependency_links.txt
[0.785s] writing entry points to ../../build/Rover_Controller/Rover_Controller.egg-info/entry_points.txt
[0.785s] writing requirements to ../../build/Rover_Controller/Rover_Controller.egg-info/requires.txt
[0.785s] writing top-level names to ../../build/Rover_Controller/Rover_Controller.egg-info/top_level.txt
[0.785s] writing manifest file '../../build/Rover_Controller/Rover_Controller.egg-info/SOURCES.txt'
[0.786s] reading manifest file '../../build/Rover_Controller/Rover_Controller.egg-info/SOURCES.txt'
[0.786s] writing manifest file '../../build/Rover_Controller/Rover_Controller.egg-info/SOURCES.txt'
[0.786s] running build
[0.787s] running build_py
[0.787s] creating /home/rayv/RoverHG/ROS2_v_0_0/build/Rover_Controller/build
[0.787s] creating /home/rayv/RoverHG/ROS2_v_0_0/build/Rover_Controller/build/lib
[0.787s] creating /home/rayv/RoverHG/ROS2_v_0_0/build/Rover_Controller/build/lib/Rover_Controller
[0.787s] copying Rover_Controller/__init__.py -> /home/rayv/RoverHG/ROS2_v_0_0/build/Rover_Controller/build/lib/Rover_Controller
[0.787s] running install
[0.795s] /usr/lib/python3/dist-packages/setuptools/command/install.py:34: SetuptoolsDeprecationWarning: setup.py install is deprecated. Use build and pip and other standards-based tools.
[0.795s]   warnings.warn(
[0.796s] running install_lib
[0.797s] creating /home/rayv/RoverHG/ROS2_v_0_0/install/Rover_Controller/lib/python3.10/site-packages/Rover_Controller
[0.797s] copying /home/rayv/RoverHG/ROS2_v_0_0/build/Rover_Controller/build/lib/Rover_Controller/__init__.py -> /home/rayv/RoverHG/ROS2_v_0_0/install/Rover_Controller/lib/python3.10/site-packages/Rover_Controller
[0.797s] byte-compiling /home/rayv/RoverHG/ROS2_v_0_0/install/Rover_Controller/lib/python3.10/site-packages/Rover_Controller/__init__.py to __init__.cpython-310.pyc
[0.797s] running install_data
[0.798s] creating /home/rayv/RoverHG/ROS2_v_0_0/install/Rover_Controller/share/ament_index
[0.798s] creating /home/rayv/RoverHG/ROS2_v_0_0/install/Rover_Controller/share/ament_index/resource_index
[0.798s] creating /home/rayv/RoverHG/ROS2_v_0_0/install/Rover_Controller/share/ament_index/resource_index/packages
[0.798s] copying resource/Rover_Controller -> /home/rayv/RoverHG/ROS2_v_0_0/install/Rover_Controller/share/ament_index/resource_index/packages
[0.798s] copying package.xml -> /home/rayv/RoverHG/ROS2_v_0_0/install/Rover_Controller/share/Rover_Controller
[0.798s] running install_egg_info
[0.799s] Copying ../../build/Rover_Controller/Rover_Controller.egg-info to /home/rayv/RoverHG/ROS2_v_0_0/install/Rover_Controller/lib/python3.10/site-packages/Rover_Controller-0.0.0-py3.10.egg-info
[0.800s] running install_scripts
[0.818s] writing list of installed files to '/home/rayv/RoverHG/ROS2_v_0_0/build/Rover_Controller/install.log'
[0.847s] Invoked command in '/home/rayv/RoverHG/ROS2_v_0_0/src/Rover_Controller' returned '0': PYTHONPATH=/home/rayv/RoverHG/ROS2_v_0_0/build/Rover_Controller/prefix_override:/home/rayv/RoverHG/ROS2_v_0_0/install/Rover_Controller/lib/python3.10/site-packages:${PYTHONPATH} /usr/bin/python3 setup.py egg_info --egg-base ../../build/Rover_Controller build --build-base /home/rayv/RoverHG/ROS2_v_0_0/build/Rover_Controller/build install --record /home/rayv/RoverHG/ROS2_v_0_0/build/Rover_Controller/install.log --single-version-externally-managed
