[0.277s] DEBUG:colcon:Command line arguments: ['/usr/bin/colcon', 'build']
[0.277s] DEBUG:colcon:Parsed command line arguments: Namespace(log_base=None, log_level=None, verb_name='build', build_base='build', install_base='install', merge_install=False, symlink_install=False, test_result_base=None, continue_on_error=False, executor='parallel', parallel_workers=12, event_handlers=None, ignore_user_meta=False, metas=['./colcon.meta'], base_paths=['.'], packages_ignore=None, packages_ignore_regex=None, paths=None, packages_up_to=None, packages_up_to_regex=None, packages_above=None, packages_above_and_dependencies=None, packages_above_depth=None, packages_select_by_dep=None, packages_skip_by_dep=None, packages_skip_up_to=None, packages_select_build_failed=False, packages_skip_build_finished=False, packages_select_test_failures=False, packages_skip_test_passed=False, packages_select=None, packages_skip=None, packages_select_regex=None, packages_skip_regex=None, packages_start=None, packages_end=None, allow_overriding=[], cmake_args=None, cmake_target=None, cmake_target_skip_unavailable=False, cmake_clean_cache=False, cmake_clean_first=False, cmake_force_configure=False, ament_cmake_args=None, catkin_cmake_args=None, catkin_skip_building_tests=False, verb_parser=<colcon_defaults.argument_parser.defaults.DefaultArgumentsDecorator object at 0x7ff7da4a4430>, verb_extension=<colcon_core.verb.build.BuildVerb object at 0x7ff7da473e80>, main=<bound method BuildVerb.main of <colcon_core.verb.build.BuildVerb object at 0x7ff7da473e80>>)
[0.305s] Level 1:colcon.colcon_core.package_discovery:discover_packages(colcon_meta) check parameters
[0.305s] Level 1:colcon.colcon_core.package_discovery:discover_packages(recursive) check parameters
[0.305s] Level 1:colcon.colcon_core.package_discovery:discover_packages(ignore) check parameters
[0.305s] Level 1:colcon.colcon_core.package_discovery:discover_packages(path) check parameters
[0.305s] Level 1:colcon.colcon_core.package_discovery:discover_packages(colcon_meta) discover
[0.305s] Level 1:colcon.colcon_core.package_discovery:discover_packages(recursive) discover
[0.305s] INFO:colcon.colcon_core.package_discovery:Crawling recursively for packages in '/home/rayv/RoverHG/ROS2_v_0_0'
[0.305s] Level 1:colcon.colcon_core.package_identification:_identify(.) by extensions ['ignore', 'ignore_ament_install']
[0.306s] Level 1:colcon.colcon_core.package_identification:_identify(.) by extension 'ignore'
[0.306s] Level 1:colcon.colcon_core.package_identification:_identify(.) by extension 'ignore_ament_install'
[0.306s] Level 1:colcon.colcon_core.package_identification:_identify(.) by extensions ['colcon_pkg']
[0.306s] Level 1:colcon.colcon_core.package_identification:_identify(.) by extension 'colcon_pkg'
[0.306s] Level 1:colcon.colcon_core.package_identification:_identify(.) by extensions ['colcon_meta']
[0.306s] Level 1:colcon.colcon_core.package_identification:_identify(.) by extension 'colcon_meta'
[0.306s] Level 1:colcon.colcon_core.package_identification:_identify(.) by extensions ['ros']
[0.306s] Level 1:colcon.colcon_core.package_identification:_identify(.) by extension 'ros'
[0.315s] Level 1:colcon.colcon_core.package_identification:_identify(.) by extensions ['cmake', 'python']
[0.315s] Level 1:colcon.colcon_core.package_identification:_identify(.) by extension 'cmake'
[0.315s] Level 1:colcon.colcon_core.package_identification:_identify(.) by extension 'python'
[0.315s] Level 1:colcon.colcon_core.package_identification:_identify(.) by extensions ['python_setup_py']
[0.315s] Level 1:colcon.colcon_core.package_identification:_identify(.) by extension 'python_setup_py'
[0.315s] Level 1:colcon.colcon_core.package_identification:_identify(build) by extensions ['ignore', 'ignore_ament_install']
[0.315s] Level 1:colcon.colcon_core.package_identification:_identify(build) by extension 'ignore'
[0.315s] Level 1:colcon.colcon_core.package_identification:_identify(build) ignored
[0.315s] Level 1:colcon.colcon_core.package_identification:_identify(install) by extensions ['ignore', 'ignore_ament_install']
[0.315s] Level 1:colcon.colcon_core.package_identification:_identify(install) by extension 'ignore'
[0.315s] Level 1:colcon.colcon_core.package_identification:_identify(install) ignored
[0.315s] Level 1:colcon.colcon_core.package_identification:_identify(log) by extensions ['ignore', 'ignore_ament_install']
[0.316s] Level 1:colcon.colcon_core.package_identification:_identify(log) by extension 'ignore'
[0.316s] Level 1:colcon.colcon_core.package_identification:_identify(log) ignored
[0.316s] Level 1:colcon.colcon_core.package_identification:_identify(src) by extensions ['ignore', 'ignore_ament_install']
[0.316s] Level 1:colcon.colcon_core.package_identification:_identify(src) by extension 'ignore'
[0.316s] Level 1:colcon.colcon_core.package_identification:_identify(src) by extension 'ignore_ament_install'
[0.316s] Level 1:colcon.colcon_core.package_identification:_identify(src) by extensions ['colcon_pkg']
[0.316s] Level 1:colcon.colcon_core.package_identification:_identify(src) by extension 'colcon_pkg'
[0.316s] Level 1:colcon.colcon_core.package_identification:_identify(src) by extensions ['colcon_meta']
[0.316s] Level 1:colcon.colcon_core.package_identification:_identify(src) by extension 'colcon_meta'
[0.316s] Level 1:colcon.colcon_core.package_identification:_identify(src) by extensions ['ros']
[0.316s] Level 1:colcon.colcon_core.package_identification:_identify(src) by extension 'ros'
[0.316s] Level 1:colcon.colcon_core.package_identification:_identify(src) by extensions ['cmake', 'python']
[0.316s] Level 1:colcon.colcon_core.package_identification:_identify(src) by extension 'cmake'
[0.316s] Level 1:colcon.colcon_core.package_identification:_identify(src) by extension 'python'
[0.316s] Level 1:colcon.colcon_core.package_identification:_identify(src) by extensions ['python_setup_py']
[0.316s] Level 1:colcon.colcon_core.package_identification:_identify(src) by extension 'python_setup_py'
[0.316s] Level 1:colcon.colcon_core.package_identification:_identify(src/Rover_Controller) by extensions ['ignore', 'ignore_ament_install']
[0.316s] Level 1:colcon.colcon_core.package_identification:_identify(src/Rover_Controller) by extension 'ignore'
[0.316s] Level 1:colcon.colcon_core.package_identification:_identify(src/Rover_Controller) by extension 'ignore_ament_install'
[0.316s] Level 1:colcon.colcon_core.package_identification:_identify(src/Rover_Controller) by extensions ['colcon_pkg']
[0.316s] Level 1:colcon.colcon_core.package_identification:_identify(src/Rover_Controller) by extension 'colcon_pkg'
[0.316s] Level 1:colcon.colcon_core.package_identification:_identify(src/Rover_Controller) by extensions ['colcon_meta']
[0.316s] Level 1:colcon.colcon_core.package_identification:_identify(src/Rover_Controller) by extension 'colcon_meta'
[0.316s] Level 1:colcon.colcon_core.package_identification:_identify(src/Rover_Controller) by extensions ['ros']
[0.316s] Level 1:colcon.colcon_core.package_identification:_identify(src/Rover_Controller) by extension 'ros'
[0.318s] DEBUG:colcon.colcon_core.package_identification:Package 'src/Rover_Controller' with type 'ros.ament_python' and name 'Rover_Controller'
[0.318s] Level 1:colcon.colcon_core.package_discovery:discover_packages(recursive) using defaults
[0.319s] Level 1:colcon.colcon_core.package_discovery:discover_packages(ignore) discover
[0.319s] Level 1:colcon.colcon_core.package_discovery:discover_packages(ignore) using defaults
[0.319s] Level 1:colcon.colcon_core.package_discovery:discover_packages(path) discover
[0.319s] Level 1:colcon.colcon_core.package_discovery:discover_packages(path) using defaults
[0.337s] Level 1:colcon.colcon_core.package_discovery:discover_packages(prefix_path) check parameters
[0.337s] Level 1:colcon.colcon_core.package_discovery:discover_packages(prefix_path) discover
[0.339s] DEBUG:colcon.colcon_installed_package_information.package_discovery:Found 1 installed packages in /home/rayv/RoverHG/ROS2_v_0_0/install
[0.340s] DEBUG:colcon.colcon_installed_package_information.package_discovery:Found 284 installed packages in /opt/ros/humble
[0.341s] Level 1:colcon.colcon_core.package_discovery:discover_packages(prefix_path) using defaults
[0.391s] Level 5:colcon.colcon_core.verb:set package 'Rover_Controller' build argument 'cmake_args' from command line to 'None'
[0.391s] Level 5:colcon.colcon_core.verb:set package 'Rover_Controller' build argument 'cmake_target' from command line to 'None'
[0.391s] Level 5:colcon.colcon_core.verb:set package 'Rover_Controller' build argument 'cmake_target_skip_unavailable' from command line to 'False'
[0.391s] Level 5:colcon.colcon_core.verb:set package 'Rover_Controller' build argument 'cmake_clean_cache' from command line to 'False'
[0.391s] Level 5:colcon.colcon_core.verb:set package 'Rover_Controller' build argument 'cmake_clean_first' from command line to 'False'
[0.391s] Level 5:colcon.colcon_core.verb:set package 'Rover_Controller' build argument 'cmake_force_configure' from command line to 'False'
[0.391s] Level 5:colcon.colcon_core.verb:set package 'Rover_Controller' build argument 'ament_cmake_args' from command line to 'None'
[0.391s] Level 5:colcon.colcon_core.verb:set package 'Rover_Controller' build argument 'catkin_cmake_args' from command line to 'None'
[0.391s] Level 5:colcon.colcon_core.verb:set package 'Rover_Controller' build argument 'catkin_skip_building_tests' from command line to 'False'
[0.391s] DEBUG:colcon.colcon_core.verb:Building package 'Rover_Controller' with the following arguments: {'ament_cmake_args': None, 'build_base': '/home/rayv/RoverHG/ROS2_v_0_0/build/Rover_Controller', 'catkin_cmake_args': None, 'catkin_skip_building_tests': False, 'cmake_args': None, 'cmake_clean_cache': False, 'cmake_clean_first': False, 'cmake_force_configure': False, 'cmake_target': None, 'cmake_target_skip_unavailable': False, 'install_base': '/home/rayv/RoverHG/ROS2_v_0_0/install/Rover_Controller', 'merge_install': False, 'path': '/home/rayv/RoverHG/ROS2_v_0_0/src/Rover_Controller', 'symlink_install': False, 'test_result_base': None}
[0.392s] INFO:colcon.colcon_core.executor:Executing jobs using 'parallel' executor
[0.394s] DEBUG:colcon.colcon_parallel_executor.executor.parallel:run_until_complete
[0.394s] INFO:colcon.colcon_ros.task.ament_python.build:Building ROS package in '/home/rayv/RoverHG/ROS2_v_0_0/src/Rover_Controller' with build type 'ament_python'
[0.395s] Level 1:colcon.colcon_core.shell:create_environment_hook('Rover_Controller', 'ament_prefix_path')
[0.399s] INFO:colcon.colcon_core.plugin_system:Skipping extension 'colcon_core.shell.bat': Not used on non-Windows systems
[0.399s] INFO:colcon.colcon_core.shell:Creating environment hook '/home/rayv/RoverHG/ROS2_v_0_0/install/Rover_Controller/share/Rover_Controller/hook/ament_prefix_path.ps1'
[0.400s] INFO:colcon.colcon_core.shell:Creating environment descriptor '/home/rayv/RoverHG/ROS2_v_0_0/install/Rover_Controller/share/Rover_Controller/hook/ament_prefix_path.dsv'
[0.400s] INFO:colcon.colcon_core.shell:Creating environment hook '/home/rayv/RoverHG/ROS2_v_0_0/install/Rover_Controller/share/Rover_Controller/hook/ament_prefix_path.sh'
[0.401s] INFO:colcon.colcon_core.shell:Skip shell extension 'powershell' for command environment: Not usable outside of PowerShell
[0.402s] DEBUG:colcon.colcon_core.shell:Skip shell extension 'dsv' for command environment
[0.658s] INFO:colcon.colcon_core.task.python.build:Building Python package in '/home/rayv/RoverHG/ROS2_v_0_0/src/Rover_Controller'
[0.660s] INFO:colcon.colcon_core.shell:Skip shell extension 'powershell' for command environment: Not usable outside of PowerShell
[0.660s] DEBUG:colcon.colcon_core.shell:Skip shell extension 'dsv' for command environment
[0.983s] DEBUG:colcon.colcon_core.event_handler.log_command:Invoking command in '/home/rayv/RoverHG/ROS2_v_0_0/src/Rover_Controller': PYTHONPATH=/home/rayv/RoverHG/ROS2_v_0_0/build/Rover_Controller/prefix_override:/home/rayv/RoverHG/ROS2_v_0_0/install/Rover_Controller/lib/python3.10/site-packages:${PYTHONPATH} /usr/bin/python3 setup.py egg_info --egg-base ../../build/Rover_Controller build --build-base /home/rayv/RoverHG/ROS2_v_0_0/build/Rover_Controller/build install --record /home/rayv/RoverHG/ROS2_v_0_0/build/Rover_Controller/install.log --single-version-externally-managed
[1.248s] DEBUG:colcon.colcon_core.event_handler.log_command:Invoked command in '/home/rayv/RoverHG/ROS2_v_0_0/src/Rover_Controller' returned '0': PYTHONPATH=/home/rayv/RoverHG/ROS2_v_0_0/build/Rover_Controller/prefix_override:/home/rayv/RoverHG/ROS2_v_0_0/install/Rover_Controller/lib/python3.10/site-packages:${PYTHONPATH} /usr/bin/python3 setup.py egg_info --egg-base ../../build/Rover_Controller build --build-base /home/rayv/RoverHG/ROS2_v_0_0/build/Rover_Controller/build install --record /home/rayv/RoverHG/ROS2_v_0_0/build/Rover_Controller/install.log --single-version-externally-managed
[1.257s] Level 1:colcon.colcon_core.environment:checking '/home/rayv/RoverHG/ROS2_v_0_0/install/Rover_Controller' for CMake module files
[1.257s] Level 1:colcon.colcon_core.environment:checking '/home/rayv/RoverHG/ROS2_v_0_0/install/Rover_Controller' for CMake config files
[1.258s] Level 1:colcon.colcon_core.environment:checking '/home/rayv/RoverHG/ROS2_v_0_0/install/Rover_Controller/lib'
[1.258s] Level 1:colcon.colcon_core.environment:checking '/home/rayv/RoverHG/ROS2_v_0_0/install/Rover_Controller/bin'
[1.258s] Level 1:colcon.colcon_core.environment:checking '/home/rayv/RoverHG/ROS2_v_0_0/install/Rover_Controller/lib/pkgconfig/Rover_Controller.pc'
[1.258s] Level 1:colcon.colcon_core.environment:checking '/home/rayv/RoverHG/ROS2_v_0_0/install/Rover_Controller/lib/python3.10/site-packages'
[1.258s] Level 1:colcon.colcon_core.shell:create_environment_hook('Rover_Controller', 'pythonpath')
[1.259s] INFO:colcon.colcon_core.shell:Creating environment hook '/home/rayv/RoverHG/ROS2_v_0_0/install/Rover_Controller/share/Rover_Controller/hook/pythonpath.ps1'
[1.259s] INFO:colcon.colcon_core.shell:Creating environment descriptor '/home/rayv/RoverHG/ROS2_v_0_0/install/Rover_Controller/share/Rover_Controller/hook/pythonpath.dsv'
[1.260s] INFO:colcon.colcon_core.shell:Creating environment hook '/home/rayv/RoverHG/ROS2_v_0_0/install/Rover_Controller/share/Rover_Controller/hook/pythonpath.sh'
[1.260s] Level 1:colcon.colcon_core.environment:checking '/home/rayv/RoverHG/ROS2_v_0_0/install/Rover_Controller/bin'
[1.260s] Level 1:colcon.colcon_core.environment:create_environment_scripts_only(Rover_Controller)
[1.261s] INFO:colcon.colcon_core.shell:Creating package script '/home/rayv/RoverHG/ROS2_v_0_0/install/Rover_Controller/share/Rover_Controller/package.ps1'
[1.262s] INFO:colcon.colcon_core.shell:Creating package descriptor '/home/rayv/RoverHG/ROS2_v_0_0/install/Rover_Controller/share/Rover_Controller/package.dsv'
[1.262s] INFO:colcon.colcon_core.shell:Creating package script '/home/rayv/RoverHG/ROS2_v_0_0/install/Rover_Controller/share/Rover_Controller/package.sh'
[1.263s] INFO:colcon.colcon_core.shell:Creating package script '/home/rayv/RoverHG/ROS2_v_0_0/install/Rover_Controller/share/Rover_Controller/package.bash'
[1.263s] INFO:colcon.colcon_core.shell:Creating package script '/home/rayv/RoverHG/ROS2_v_0_0/install/Rover_Controller/share/Rover_Controller/package.zsh'
[1.264s] Level 1:colcon.colcon_core.environment:create_file_with_runtime_dependencies(/home/rayv/RoverHG/ROS2_v_0_0/install/Rover_Controller/share/colcon-core/packages/Rover_Controller)
[1.264s] DEBUG:colcon.colcon_parallel_executor.executor.parallel:closing loop
[1.264s] DEBUG:colcon.colcon_parallel_executor.executor.parallel:loop closed
[1.264s] DEBUG:colcon.colcon_parallel_executor.executor.parallel:run_until_complete finished with '0'
[1.264s] DEBUG:colcon.colcon_core.event_reactor:joining thread
[1.272s] INFO:colcon.colcon_core.plugin_system:Skipping extension 'colcon_notification.desktop_notification.terminal_notifier': Not used on non-Darwin systems
[1.273s] INFO:colcon.colcon_core.plugin_system:Skipping extension 'colcon_notification.desktop_notification.win32': Not used on non-Windows systems
[1.273s] INFO:colcon.colcon_notification.desktop_notification:Sending desktop notification using 'notify2'
[1.282s] DEBUG:colcon.colcon_core.event_reactor:joined thread
[1.284s] INFO:colcon.colcon_core.shell:Creating prefix script '/home/rayv/RoverHG/ROS2_v_0_0/install/local_setup.ps1'
[1.285s] INFO:colcon.colcon_core.shell:Creating prefix util module '/home/rayv/RoverHG/ROS2_v_0_0/install/_local_setup_util_ps1.py'
[1.287s] INFO:colcon.colcon_core.shell:Creating prefix chain script '/home/rayv/RoverHG/ROS2_v_0_0/install/setup.ps1'
[1.288s] INFO:colcon.colcon_core.shell:Creating prefix script '/home/rayv/RoverHG/ROS2_v_0_0/install/local_setup.sh'
[1.289s] INFO:colcon.colcon_core.shell:Creating prefix util module '/home/rayv/RoverHG/ROS2_v_0_0/install/_local_setup_util_sh.py'
[1.290s] INFO:colcon.colcon_core.shell:Creating prefix chain script '/home/rayv/RoverHG/ROS2_v_0_0/install/setup.sh'
[1.292s] INFO:colcon.colcon_core.shell:Creating prefix script '/home/rayv/RoverHG/ROS2_v_0_0/install/local_setup.bash'
[1.292s] INFO:colcon.colcon_core.shell:Creating prefix chain script '/home/rayv/RoverHG/ROS2_v_0_0/install/setup.bash'
[1.295s] INFO:colcon.colcon_core.shell:Creating prefix script '/home/rayv/RoverHG/ROS2_v_0_0/install/local_setup.zsh'
[1.295s] INFO:colcon.colcon_core.shell:Creating prefix chain script '/home/rayv/RoverHG/ROS2_v_0_0/install/setup.zsh'
