[0.577s] Invoking command in '/home/rayv/RoverHG/build/Rover_Controller': PYTHONPATH=/home/rayv/RoverHG/build/Rover_Controller/prefix_override:/home/rayv/RoverHG/install/Rover_Controller/lib/python3.10/site-packages:${PYTHONPATH} /usr/bin/python3 setup.py develop --editable --build-directory /home/rayv/RoverHG/build/Rover_Controller/build --no-deps install_data
[0.837s] running develop
[0.980s] running egg_info
[0.980s] creating Rover_Controller.egg-info
[0.980s] writing Rover_Controller.egg-info/PKG-INFO
[0.981s] writing dependency_links to Rover_Controller.egg-info/dependency_links.txt
[0.981s] writing entry points to Rover_Controller.egg-info/entry_points.txt
[0.981s] writing requirements to Rover_Controller.egg-info/requires.txt
[0.981s] writing top-level names to Rover_Controller.egg-info/top_level.txt
[0.981s] writing manifest file 'Rover_Controller.egg-info/SOURCES.txt'
[0.982s] reading manifest file 'Rover_Controller.egg-info/SOURCES.txt'
[0.982s] writing manifest file 'Rover_Controller.egg-info/SOURCES.txt'
[0.984s] running build_ext
[0.984s] Creating /home/rayv/RoverHG/install/Rover_Controller/lib/python3.10/site-packages/Rover-Controller.egg-link (link to .)
[0.984s] Installing control_subscriber script to /home/rayv/RoverHG/install/Rover_Controller/lib/Rover_Controller
[0.985s] Installing keyboard_node script to /home/rayv/RoverHG/install/Rover_Controller/lib/Rover_Controller
[0.985s] Installing test_node script to /home/rayv/RoverHG/install/Rover_Controller/lib/Rover_Controller
[0.985s] 
[0.985s] Installed /home/rayv/RoverHG/build/Rover_Controller
[0.985s] running install_data
[0.985s] creating /home/rayv/RoverHG/install/Rover_Controller/share/ament_index
[0.985s] creating /home/rayv/RoverHG/install/Rover_Controller/share/ament_index/resource_index
[0.985s] creating /home/rayv/RoverHG/install/Rover_Controller/share/ament_index/resource_index/packages
[0.986s] copying resource/Rover_Controller -> /home/rayv/RoverHG/install/Rover_Controller/share/ament_index/resource_index/packages
[0.986s] copying package.xml -> /home/rayv/RoverHG/install/Rover_Controller/share/Rover_Controller
[1.036s] Invoked command in '/home/rayv/RoverHG/build/Rover_Controller' returned '0': PYTHONPATH=/home/rayv/RoverHG/build/Rover_Controller/prefix_override:/home/rayv/RoverHG/install/Rover_Controller/lib/python3.10/site-packages:${PYTHONPATH} /usr/bin/python3 setup.py develop --editable --build-directory /home/rayv/RoverHG/build/Rover_Controller/build --no-deps install_data
